<?xml version="1.0" encoding="UTF-8"?>
<!-- Generated by org.testng.reporters.JUnitReportReporter -->
<testsuite hostname="HP-Sagar" failures="0" tests="4" name="com.qa.test.DemoTest3" time="0.004" errors="0" timestamp="2022-03-03T19:30:27 IST" skipped="0">
  <testcase classname="com.qa.test.DemoTest3" name="sum" time="0.000"/>
  <system-out/>
  <testcase classname="com.qa.test.DemoTest3" name="multi" time="0.001"/>
  <system-out/>
  <testcase classname="com.qa.test.DemoTest3" name="sub" time="0.001"/>
  <system-out/>
  <testcase classname="com.qa.test.DemoTest3" name="div" time="0.002"/>
  <system-out/>
</testsuite> <!-- com.qa.test.DemoTest3 -->
